<?xml version="1.0" encoding="UTF-8"?>
<testng-results ignored="0" total="1" passed="1" failed="0" skipped="0">
  <reporter-output>
  </reporter-output>
  <suite started-at="2024-09-26T00:01:23 IST" name="Default suite" finished-at="2024-09-26T00:01:45 IST" duration-ms="22794">
    <groups>
    </groups>
    <test started-at="2024-09-26T00:01:23 IST" name="Default test" finished-at="2024-09-26T00:01:45 IST" duration-ms="22794">
      <class name="com.tests.MyaccountTest">
        <test-method is-config="true" signature="setup()[pri:0, instance:com.tests.MyaccountTest@2b4bac49]" started-at="2024-09-26T00:01:23 IST" name="setup" finished-at="2024-09-26T00:01:40 IST" duration-ms="17327" status="PASS">
          <reporter-output>
          </reporter-output>
        </test-method> <!-- setup -->
        <test-method signature="MyaccountTest()[pri:0, instance:com.tests.MyaccountTest@2b4bac49]" started-at="2024-09-26T00:01:40 IST" name="MyaccountTest" finished-at="2024-09-26T00:01:45 IST" duration-ms="5351" status="PASS">
          <reporter-output>
          </reporter-output>
        </test-method> <!-- MyaccountTest -->
      </class> <!-- com.tests.MyaccountTest -->
    </test> <!-- Default test -->
  </suite> <!-- Default suite -->
</testng-results>
